0 info it worked if it ends with ok
1 verbose cli [ 'node',
1 verbose cli   '/usr/local/bin/npm',
1 verbose cli   'install',
1 verbose cli   'connect-multiparty',
1 verbose cli   '-g',
1 verbose cli   '--save' ]
2 info using npm@1.4.28
3 info using node@v0.10.33
4 verbose cache add [ 'connect-multiparty', null ]
5 verbose cache add name=undefined spec="connect-multiparty" args=["connect-multiparty",null]
6 verbose parsed url { protocol: null,
6 verbose parsed url   slashes: null,
6 verbose parsed url   auth: null,
6 verbose parsed url   host: null,
6 verbose parsed url   port: null,
6 verbose parsed url   hostname: null,
6 verbose parsed url   hash: null,
6 verbose parsed url   search: null,
6 verbose parsed url   query: null,
6 verbose parsed url   pathname: 'connect-multiparty',
6 verbose parsed url   path: 'connect-multiparty',
6 verbose parsed url   href: 'connect-multiparty' }
7 silly lockFile e67adb06-connect-multiparty connect-multiparty
8 verbose lock connect-multiparty /Users/David/.npm/e67adb06-connect-multiparty.lock
9 silly lockFile e67adb06-connect-multiparty connect-multiparty
10 silly lockFile e67adb06-connect-multiparty connect-multiparty
11 verbose addNamed [ 'connect-multiparty', '' ]
12 verbose addNamed [ null, '*' ]
13 silly lockFile 9ca6e29f-connect-multiparty connect-multiparty@
14 verbose lock connect-multiparty@ /Users/David/.npm/9ca6e29f-connect-multiparty.lock
15 silly addNameRange { name: 'connect-multiparty', range: '*', hasData: false }
16 verbose request where is /connect-multiparty
17 verbose request registry https://registry.npmjs.org/
18 verbose request id ed205167b4b81ef3
19 verbose url raw /connect-multiparty
20 verbose url resolving [ 'https://registry.npmjs.org/', './connect-multiparty' ]
21 verbose url resolved https://registry.npmjs.org/connect-multiparty
22 verbose request where is https://registry.npmjs.org/connect-multiparty
23 info trying registry request attempt 1 at 20:24:04
24 http GET https://registry.npmjs.org/connect-multiparty
25 http 200 https://registry.npmjs.org/connect-multiparty
26 silly registry.get cb [ 200,
26 silly registry.get   { server: 'CouchDB/1.5.0 (Erlang OTP/R16B03)',
26 silly registry.get     etag: '"1QIWL5KAA8QM0VXA0RVRSOCN0"',
26 silly registry.get     'content-type': 'application/json',
26 silly registry.get     'cache-control': 'max-age=300',
26 silly registry.get     'content-length': '21276',
26 silly registry.get     'accept-ranges': 'bytes',
26 silly registry.get     date: 'Mon, 04 Jan 2016 04:24:04 GMT',
26 silly registry.get     via: '1.1 varnish',
26 silly registry.get     age: '41',
26 silly registry.get     connection: 'keep-alive',
26 silly registry.get     'x-served-by': 'cache-sjc3129-SJC',
26 silly registry.get     'x-cache': 'HIT',
26 silly registry.get     'x-cache-hits': '1',
26 silly registry.get     'x-timer': 'S1451881444.739981,VS0,VE0',
26 silly registry.get     vary: 'Accept' } ]
27 silly addNameRange number 2 { name: 'connect-multiparty', range: '*', hasData: true }
28 silly addNameRange versions [ 'connect-multiparty',
28 silly addNameRange   [ '0.1.0',
28 silly addNameRange     '0.1.1',
28 silly addNameRange     '1.0.0',
28 silly addNameRange     '1.0.1',
28 silly addNameRange     '1.0.2',
28 silly addNameRange     '1.0.3',
28 silly addNameRange     '1.0.4',
28 silly addNameRange     '1.0.5',
28 silly addNameRange     '1.0.6',
28 silly addNameRange     '1.1.0',
28 silly addNameRange     '1.2.0',
28 silly addNameRange     '1.2.1',
28 silly addNameRange     '1.2.2',
28 silly addNameRange     '1.2.3',
28 silly addNameRange     '1.2.4',
28 silly addNameRange     '1.2.5',
28 silly addNameRange     '2.0.0' ] ]
29 verbose addNamed [ 'connect-multiparty', '2.0.0' ]
30 verbose addNamed [ '2.0.0', '2.0.0' ]
31 silly lockFile beca9f40-connect-multiparty-2-0-0 connect-multiparty@2.0.0
32 verbose lock connect-multiparty@2.0.0 /Users/David/.npm/beca9f40-connect-multiparty-2-0-0.lock
33 silly lockFile 3bb7e899-rty-connect-multiparty-2-0-0-tgz https://registry.npmjs.org/connect-multiparty/-/connect-multiparty-2.0.0.tgz
34 verbose lock https://registry.npmjs.org/connect-multiparty/-/connect-multiparty-2.0.0.tgz /Users/David/.npm/3bb7e899-rty-connect-multiparty-2-0-0-tgz.lock
35 verbose addRemoteTarball [ 'https://registry.npmjs.org/connect-multiparty/-/connect-multiparty-2.0.0.tgz',
35 verbose addRemoteTarball   '57a7b61cc7b31b6eef4a62878d60d771b23699ab' ]
36 info retry fetch attempt 1 at 20:24:05
37 verbose fetch to= /var/folders/wt/2rdhqkd54jz65cx5bnl_90zr0000gp/T/npm-5735-Fx6kboio/registry.npmjs.org/connect-multiparty/-/connect-multiparty-2.0.0.tgz
38 http GET https://registry.npmjs.org/connect-multiparty/-/connect-multiparty-2.0.0.tgz
39 http 200 https://registry.npmjs.org/connect-multiparty/-/connect-multiparty-2.0.0.tgz
40 silly lockFile 3bb7e899-rty-connect-multiparty-2-0-0-tgz https://registry.npmjs.org/connect-multiparty/-/connect-multiparty-2.0.0.tgz
41 silly lockFile 3bb7e899-rty-connect-multiparty-2-0-0-tgz https://registry.npmjs.org/connect-multiparty/-/connect-multiparty-2.0.0.tgz
42 silly lockFile beca9f40-connect-multiparty-2-0-0 connect-multiparty@2.0.0
43 silly lockFile beca9f40-connect-multiparty-2-0-0 connect-multiparty@2.0.0
44 silly lockFile 9ca6e29f-connect-multiparty connect-multiparty@
45 silly lockFile 9ca6e29f-connect-multiparty connect-multiparty@
46 silly resolved [ { name: 'connect-multiparty',
46 silly resolved     version: '2.0.0',
46 silly resolved     description: 'multipart parsing middleware for connect using multiparty',
46 silly resolved     main: 'index.js',
46 silly resolved     repository:
46 silly resolved      { type: 'git',
46 silly resolved        url: 'git://github.com/andrewrk/connect-multiparty.git' },
46 silly resolved     author: { name: 'Andrew Kelley', email: 'superjoe30@gmail.com' },
46 silly resolved     license: 'MIT',
46 silly resolved     dependencies:
46 silly resolved      { multiparty: '~4.1.2',
46 silly resolved        'on-finished': '~2.3.0',
46 silly resolved        qs: '~4.0.0',
46 silly resolved        'type-is': '~1.6.4' },
46 silly resolved     scripts: { test: 'mocha --reporter spec test/*.js' },
46 silly resolved     engines: { node: '>=0.10.0' },
46 silly resolved     devDependencies:
46 silly resolved      { connect: '3',
46 silly resolved        mocha: '~2.2.5',
46 silly resolved        should: '~7.0.2',
46 silly resolved        supertest: '~1.0.1' },
46 silly resolved     bugs: { url: 'https://github.com/andrewrk/connect-multiparty/issues' },
46 silly resolved     gitHead: '5caa5dfe66701b0ea2f92d6db0199e2a52791fee',
46 silly resolved     homepage: 'https://github.com/andrewrk/connect-multiparty',
46 silly resolved     _id: 'connect-multiparty@2.0.0',
46 silly resolved     _shasum: '57a7b61cc7b31b6eef4a62878d60d771b23699ab',
46 silly resolved     _from: 'connect-multiparty@',
46 silly resolved     _npmVersion: '1.4.28',
46 silly resolved     _npmUser: { name: 'dougwilson', email: 'doug@somethingdoug.com' },
46 silly resolved     maintainers: [ [Object], [Object] ],
46 silly resolved     dist:
46 silly resolved      { shasum: '57a7b61cc7b31b6eef4a62878d60d771b23699ab',
46 silly resolved        tarball: 'http://registry.npmjs.org/connect-multiparty/-/connect-multiparty-2.0.0.tgz' },
46 silly resolved     directories: {},
46 silly resolved     _resolved: 'https://registry.npmjs.org/connect-multiparty/-/connect-multiparty-2.0.0.tgz' } ]
47 info install connect-multiparty@2.0.0 into /usr/local/lib
48 info installOne connect-multiparty@2.0.0
49 verbose lib/node_modules/connect-multiparty unbuild
50 verbose tar unpack /Users/David/.npm/connect-multiparty/2.0.0/package.tgz
51 silly lockFile 0225de8f--node-modules-connect-multiparty tar:///usr/local/lib/node_modules/connect-multiparty
52 verbose lock tar:///usr/local/lib/node_modules/connect-multiparty /Users/David/.npm/0225de8f--node-modules-connect-multiparty.lock
53 silly lockFile d0fa52b3-ect-multiparty-2-0-0-package-tgz tar:///Users/David/.npm/connect-multiparty/2.0.0/package.tgz
54 verbose lock tar:///Users/David/.npm/connect-multiparty/2.0.0/package.tgz /Users/David/.npm/d0fa52b3-ect-multiparty-2-0-0-package-tgz.lock
55 silly gunzTarPerm modes [ '755', '644' ]
56 error Error: EACCES, mkdir '/usr/local/lib/node_modules/connect-multiparty'
56 error  { [Error: EACCES, mkdir '/usr/local/lib/node_modules/connect-multiparty']
56 error   errno: 3,
56 error   code: 'EACCES',
56 error   path: '/usr/local/lib/node_modules/connect-multiparty',
56 error   fstream_type: 'Directory',
56 error   fstream_path: '/usr/local/lib/node_modules/connect-multiparty',
56 error   fstream_class: 'DirWriter',
56 error   fstream_stack:
56 error    [ '/usr/local/lib/node_modules/npm/node_modules/fstream/lib/dir-writer.js:36:23',
56 error      '/usr/local/lib/node_modules/npm/node_modules/mkdirp/index.js:46:53',
56 error      'Object.oncomplete (fs.js:107:15)' ] }
57 error Please try running this command again as root/Administrator.
58 error System Darwin 14.5.0
59 error command "node" "/usr/local/bin/npm" "install" "connect-multiparty" "-g" "--save"
60 error cwd /Users/David/Desktop/WORKSPACE/kush_taxi/server_side
61 error node -v v0.10.33
62 error npm -v 1.4.28
63 error path /usr/local/lib/node_modules/connect-multiparty
64 error fstream_path /usr/local/lib/node_modules/connect-multiparty
65 error fstream_type Directory
66 error fstream_class DirWriter
67 error code EACCES
68 error errno 3
69 error stack Error: EACCES, mkdir '/usr/local/lib/node_modules/connect-multiparty'
70 error fstream_stack /usr/local/lib/node_modules/npm/node_modules/fstream/lib/dir-writer.js:36:23
70 error fstream_stack /usr/local/lib/node_modules/npm/node_modules/mkdirp/index.js:46:53
70 error fstream_stack Object.oncomplete (fs.js:107:15)
71 verbose exit [ 3, true ]
